e:\curwork\vehicledispatherstation\vehicledispatherstation\obj\debug\callwidget.obj
e:\curwork\vehicledispatherstation\vehicledispatherstation\obj\debug\moc_usergroupwidget.obj
e:\curwork\vehicledispatherstation\vehicledispatherstation\obj\debug\qrc_vehicledispatherstation.obj
e:\curwork\vehicledispatherstation\vehicledispatherstation\obj\debug\databasedatamanager.obj
e:\curwork\vehicledispatherstation\vehicledispatherstation\obj\debug\usergroupwidget.obj
e:\curwork\vehicledispatherstation\vehicledispatherstation\obj\debug\moc_severalselechildwidget.obj
e:\curwork\vehicledispatherstation\vehicledispatherstation\obj\debug\severalselechildwidget.obj
e:\curwork\vehicledispatherstation\vehicledispatherstation\obj\debug\moc_vehicledispatherstation.obj
e:\curwork\vehicledispatherstation\vehicledispatherstation\obj\debug\functionstatewidget.obj
e:\curwork\vehicledispatherstation\vehicledispatherstation\obj\debug\moc_graphicswidget.obj
e:\curwork\vehicledispatherstation\vehicledispatherstation\obj\debug\moc_functionstatewidget.obj
e:\curwork\vehicledispatherstation\vehicledispatherstation\obj\debug\callbackrequestwidget.obj
e:\curwork\vehicledispatherstation\vehicledispatherstation\obj\debug\moc_callwidget.obj
e:\curwork\vehicledispatherstation\vehicledispatherstation\obj\debug\groupcallrecord.obj
e:\curwork\vehicledispatherstation\vehicledispatherstation\obj\debug\moc_trainwidget.obj
e:\curwork\vehicledispatherstation\vehicledispatherstation\obj\debug\moc_databasedatamanager.obj
e:\curwork\vehicledispatherstation\vehicledispatherstation\obj\debug\emergencycallwidget.obj
e:\curwork\vehicledispatherstation\vehicledispatherstation\obj\debug\moc_callbackrequestwidget.obj
e:\curwork\vehicledispatherstation\vehicledispatherstation\obj\debug\main.obj
e:\curwork\vehicledispatherstation\vehicledispatherstation\obj\debug\moc_emergencycallwidget.obj
e:\curwork\vehicledispatherstation\vehicledispatherstation\obj\debug\trainwidget.obj
e:\curwork\vehicledispatherstation\vehicledispatherstation\obj\debug\moc_radiostatewidget.obj
e:\curwork\vehicledispatherstation\vehicledispatherstation\obj\debug\radiostatewidget.obj
e:\curwork\vehicledispatherstation\vehicledispatherstation\obj\debug\moc_logeventwidget.obj
e:\curwork\vehicledispatherstation\vehicledispatherstation\obj\debug\graphicswidget.obj
e:\curwork\vehicledispatherstation\vehicledispatherstation\obj\debug\vehicledispatherstation.obj
e:\curwork\vehicledispatherstation\vehicledispatherstation\obj\debug\logeventwidget.obj
e:\curwork\vehicledispatherstation\vehicledispatherstation\obj\debug\moc_groupcallrecord.obj
e:\curwork\vehicledispatherstation\vehicledispatherstation\obj\debug\vc120.pdb
e:\curwork\vehicledispatherstation\vehicledispatherstation\bin\debug\vehicledispatherstation.ilk
e:\curwork\vehicledispatherstation\vehicledispatherstation\bin\debug\vehicledispatherstation.exe
e:\curwork\vehicledispatherstation\vehicledispatherstation\bin\debug\vehicledispatherstation.pdb
e:\curwork\vehicledispatherstation\vehicledispatherstation\project\.\generatedfiles\debug\moc_vehicledispatherstation.cpp
e:\curwork\vehicledispatherstation\vehicledispatherstation\project\.\generatedfiles\debug\moc_trainwidget.cpp
e:\curwork\vehicledispatherstation\vehicledispatherstation\project\.\generatedfiles\debug\moc_graphicswidget.cpp
e:\curwork\vehicledispatherstation\vehicledispatherstation\project\.\generatedfiles\debug\moc_usergroupwidget.cpp
e:\curwork\vehicledispatherstation\vehicledispatherstation\project\.\generatedfiles\debug\moc_groupcallrecord.cpp
e:\curwork\vehicledispatherstation\vehicledispatherstation\project\.\generatedfiles\debug\moc_logeventwidget.cpp
e:\curwork\vehicledispatherstation\vehicledispatherstation\project\.\generatedfiles\debug\moc_radiostatewidget.cpp
e:\curwork\vehicledispatherstation\vehicledispatherstation\project\.\generatedfiles\debug\moc_callwidget.cpp
e:\curwork\vehicledispatherstation\vehicledispatherstation\project\.\generatedfiles\debug\moc_callbackrequestwidget.cpp
e:\curwork\vehicledispatherstation\vehicledispatherstation\project\.\generatedfiles\debug\moc_emergencycallwidget.cpp
e:\curwork\vehicledispatherstation\vehicledispatherstation\project\.\generatedfiles\debug\moc_severalselechildwidget.cpp
e:\curwork\vehicledispatherstation\vehicledispatherstation\project\.\generatedfiles\debug\moc_functionstatewidget.cpp
e:\curwork\vehicledispatherstation\vehicledispatherstation\project\.\generatedfiles\debug\moc_databasedatamanager.cpp
e:\curwork\vehicledispatherstation\vehicledispatherstation\project\.\generatedfiles\qrc_vehicledispatherstation.cpp
e:\curwork\vehicledispatherstation\vehicledispatherstation\project\.\generatedfiles\ui_callwidget.h
e:\curwork\vehicledispatherstation\vehicledispatherstation\project\.\generatedfiles\ui_ccallbackrequestwidget.h
e:\curwork\vehicledispatherstation\vehicledispatherstation\project\.\generatedfiles\ui_emergencycallwidget.h
e:\curwork\vehicledispatherstation\vehicledispatherstation\project\.\generatedfiles\ui_functionstatewidget.h
e:\curwork\vehicledispatherstation\vehicledispatherstation\project\.\generatedfiles\ui_severalselechildwidget.h
e:\curwork\vehicledispatherstation\vehicledispatherstation\project\.\generatedfiles\ui_vehicledispatherstation.h
e:\curwork\vehicledispatherstation\vehicledispatherstation\project\generatedfiles\debug\moc_vehicledispatherstation.cpp
e:\curwork\vehicledispatherstation\vehicledispatherstation\project\generatedfiles\debug\moc_trainwidget.cpp
e:\curwork\vehicledispatherstation\vehicledispatherstation\project\generatedfiles\debug\moc_graphicswidget.cpp
e:\curwork\vehicledispatherstation\vehicledispatherstation\project\generatedfiles\debug\moc_usergroupwidget.cpp
e:\curwork\vehicledispatherstation\vehicledispatherstation\project\generatedfiles\debug\moc_groupcallrecord.cpp
e:\curwork\vehicledispatherstation\vehicledispatherstation\project\generatedfiles\debug\moc_logeventwidget.cpp
e:\curwork\vehicledispatherstation\vehicledispatherstation\project\generatedfiles\debug\moc_radiostatewidget.cpp
e:\curwork\vehicledispatherstation\vehicledispatherstation\project\generatedfiles\debug\moc_callwidget.cpp
e:\curwork\vehicledispatherstation\vehicledispatherstation\project\generatedfiles\debug\moc_callbackrequestwidget.cpp
e:\curwork\vehicledispatherstation\vehicledispatherstation\project\generatedfiles\debug\moc_emergencycallwidget.cpp
e:\curwork\vehicledispatherstation\vehicledispatherstation\project\generatedfiles\debug\moc_severalselechildwidget.cpp
e:\curwork\vehicledispatherstation\vehicledispatherstation\project\generatedfiles\debug\moc_functionstatewidget.cpp
e:\curwork\vehicledispatherstation\vehicledispatherstation\project\generatedfiles\debug\moc_databasedatamanager.cpp
e:\curwork\vehicledispatherstation\vehicledispatherstation\project\generatedfiles\qrc_vehicledispatherstation.cpp
e:\curwork\vehicledispatherstation\vehicledispatherstation\project\generatedfiles\ui_callwidget.h
e:\curwork\vehicledispatherstation\vehicledispatherstation\project\generatedfiles\ui_ccallbackrequestwidget.h
e:\curwork\vehicledispatherstation\vehicledispatherstation\project\generatedfiles\ui_emergencycallwidget.h
e:\curwork\vehicledispatherstation\vehicledispatherstation\project\generatedfiles\ui_functionstatewidget.h
e:\curwork\vehicledispatherstation\vehicledispatherstation\project\generatedfiles\ui_severalselechildwidget.h
e:\curwork\vehicledispatherstation\vehicledispatherstation\project\generatedfiles\ui_vehicledispatherstation.h
e:\curwork\vehicledispatherstation\vehicledispatherstation\project\../bin/debug\vehicledispatherstation.pdb
e:\curwork\vehicledispatherstation\vehicledispatherstation\project\../bin/debug\vehicledispatherstation.exe
e:\curwork\vehicledispatherstation\vehicledispatherstation\project\../bin/debug\vehicledispatherstation.ilk
e:\curwork\vehicledispatherstation\vehicledispatherstation\obj\debug\vehicled.b12702ad.tlog\cl.command.1.tlog
e:\curwork\vehicledispatherstation\vehicledispatherstation\obj\debug\vehicled.b12702ad.tlog\cl.read.1.tlog
e:\curwork\vehicledispatherstation\vehicledispatherstation\obj\debug\vehicled.b12702ad.tlog\cl.write.1.tlog
e:\curwork\vehicledispatherstation\vehicledispatherstation\obj\debug\vehicled.b12702ad.tlog\link.command.1.tlog
e:\curwork\vehicledispatherstation\vehicledispatherstation\obj\debug\vehicled.b12702ad.tlog\link.read.1.tlog
e:\curwork\vehicledispatherstation\vehicledispatherstation\obj\debug\vehicled.b12702ad.tlog\link.write.1.tlog
e:\curwork\vehicledispatherstation\vehicledispatherstation\obj\debug\vehicled.b12702ad.tlog\qtmoc.read.1u.tlog
e:\curwork\vehicledispatherstation\vehicledispatherstation\obj\debug\vehicled.b12702ad.tlog\qtmoc.write.1u.tlog
e:\curwork\vehicledispatherstation\vehicledispatherstation\obj\debug\vehicled.b12702ad.tlog\qtrcc.read.1u.tlog
e:\curwork\vehicledispatherstation\vehicledispatherstation\obj\debug\vehicled.b12702ad.tlog\qtrcc.write.1u.tlog
e:\curwork\vehicledispatherstation\vehicledispatherstation\obj\debug\vehicled.b12702ad.tlog\qtuic.read.1u.tlog
e:\curwork\vehicledispatherstation\vehicledispatherstation\obj\debug\vehicled.b12702ad.tlog\qtuic.write.1u.tlog
e:\curwork\vehicledispatherstation\vehicledispatherstation\obj\debug\vehicled.b12702ad.tlog\vehicledispatherstation.write.1u.tlog
