e:\curwork\vehicledispatherstation\databasemanagement\obj\debug\moc_database.obj
e:\curwork\vehicledispatherstation\databasemanagement\obj\debug\database.obj
e:\curwork\vehicledispatherstation\databasemanagement\obj\debug\databasemanagement.obj
e:\curwork\vehicledispatherstation\databasemanagement\obj\debug\sqlconnect.obj
e:\curwork\vehicledispatherstation\databasemanagement\obj\debug\moc_sqlconnect.obj
e:\curwork\vehicledispatherstation\databasemanagement\obj\debug\moc_databasemanagement.obj
e:\curwork\vehicledispatherstation\databasemanagement\obj\debug\vc120.pdb
e:\curwork\vehicledispatherstation\databasemanagement\project\generatedfiles\debug\moc_databasemanagement.cpp
e:\curwork\vehicledispatherstation\databasemanagement\project\generatedfiles\debug\moc_database.cpp
e:\curwork\vehicledispatherstation\databasemanagement\project\generatedfiles\debug\moc_sqlconnect.cpp
e:\curwork\vehicledispatherstation\databasemanagement\lib\debug\databasemanagement_d.lib
e:\curwork\vehicledispatherstation\databasemanagement\lib\debug\databasemanagement_d.exp
e:\curwork\vehicledispatherstation\databasemanagement\lib\debug\databasemanagement_d.ilk
e:\curwork\vehicledispatherstation\databasemanagement\lib\debug\databasemanagement_d.dll
e:\curwork\vehicledispatherstation\databasemanagement\lib\debug\databasemanagement_d.pdb
e:\curwork\vehicledispatherstation\databasemanagement\project\.\generatedfiles\debug\moc_databasemanagement.cpp
e:\curwork\vehicledispatherstation\databasemanagement\project\.\generatedfiles\debug\moc_database.cpp
e:\curwork\vehicledispatherstation\databasemanagement\project\.\generatedfiles\debug\moc_sqlconnect.cpp
e:\curwork\vehicledispatherstation\databasemanagement\project\..\lib\debug\databasemanagement_d.pdb
e:\curwork\vehicledispatherstation\databasemanagement\project\..\lib\debug\databasemanagement_d.dll
e:\curwork\vehicledispatherstation\databasemanagement\project\..\lib\debug\databasemanagement_d.ilk
e:\curwork\vehicledispatherstation\databasemanagement\obj\debug\database.306f35da.tlog\cl.command.1.tlog
e:\curwork\vehicledispatherstation\databasemanagement\obj\debug\database.306f35da.tlog\cl.read.1.tlog
e:\curwork\vehicledispatherstation\databasemanagement\obj\debug\database.306f35da.tlog\cl.write.1.tlog
e:\curwork\vehicledispatherstation\databasemanagement\obj\debug\database.306f35da.tlog\databasemanagement.write.1u.tlog
e:\curwork\vehicledispatherstation\databasemanagement\obj\debug\database.306f35da.tlog\link.command.1.tlog
e:\curwork\vehicledispatherstation\databasemanagement\obj\debug\database.306f35da.tlog\link.read.1.tlog
e:\curwork\vehicledispatherstation\databasemanagement\obj\debug\database.306f35da.tlog\link.write.1.tlog
e:\curwork\vehicledispatherstation\databasemanagement\obj\debug\database.306f35da.tlog\qtmoc.read.1u.tlog
e:\curwork\vehicledispatherstation\databasemanagement\obj\debug\database.306f35da.tlog\qtmoc.write.1u.tlog
